c:\users\leone\documents\coding\c++\c++sweeper\c++sweeper\debug\c++sweeper.pch.codeanalysis
c:\users\leone\documents\coding\c++\c++sweeper\c++sweeper\debug\vc141.pdb
c:\users\leone\documents\coding\c++\c++sweeper\c++sweeper\debug\vc141.idb
c:\users\leone\documents\coding\c++\c++sweeper\c++sweeper\debug\c++sweeper.pch.codeanalysisast
c:\users\leone\documents\coding\c++\c++sweeper\c++sweeper\debug\stdafx.nativecodeanalysis.xml
c:\users\leone\documents\coding\c++\c++sweeper\c++sweeper\debug\stdafx.obj
c:\users\leone\documents\coding\c++\c++sweeper\c++sweeper\debug\c++sweeper.pch
c:\users\leone\documents\coding\c++\c++sweeper\c++sweeper\debug\c++sweeper.nativecodeanalysis.xml
c:\users\leone\documents\coding\c++\c++sweeper\c++sweeper\debug\c++sweeper.obj
c:\users\leone\documents\coding\c++\c++sweeper\debug\c++sweeper.exe
c:\users\leone\documents\coding\c++\c++sweeper\debug\c++sweeper.ilk
c:\users\leone\documents\coding\c++\c++sweeper\debug\c++sweeper.pdb
c:\users\leone\documents\coding\c++\c++sweeper\c++sweeper\debug\nativecodeanalysis.read.1.tlog
c:\users\leone\documents\coding\c++\c++sweeper\c++sweeper\debug\vc.nativecodeanalysis.all.xml
c:\users\leone\documents\coding\c++\c++sweeper\debug\c++sweeper.exe.lastcodeanalysissucceeded
c:\users\leone\documents\coding\c++\c++sweeper\c++sweeper\debug\c++sweeper.tlog\cl.command.1.tlog
c:\users\leone\documents\coding\c++\c++sweeper\c++sweeper\debug\c++sweeper.tlog\cl.read.1.tlog
c:\users\leone\documents\coding\c++\c++sweeper\c++sweeper\debug\c++sweeper.tlog\cl.write.1.tlog
c:\users\leone\documents\coding\c++\c++sweeper\c++sweeper\debug\c++sweeper.tlog\link.command.1.tlog
c:\users\leone\documents\coding\c++\c++sweeper\c++sweeper\debug\c++sweeper.tlog\link.read.1.tlog
c:\users\leone\documents\coding\c++\c++sweeper\c++sweeper\debug\c++sweeper.tlog\link.write.1.tlog
